[1;30;40m[Tue Dec 15 23:14:42 CET 2020][0m [0;35;40m[DEBUG][0m [1;30;40m> SCRIPTENTRY [0m
[1;30;40m[Tue Dec 15 23:14:42 CET 2020][0m [0;34;40m[INFO][0m    Starting program
[1;30;40m[Tue Dec 15 23:14:42 CET 2020][0m [0;35;40m[DEBUG][0m [1;30;40m> SOMETHING_FANCY[0m
[1;30;40m[Tue Dec 15 23:14:42 CET 2020][0m [0;34;40m[INFO][0m    Running something fancy...
[1;30;40m[Tue Dec 15 23:14:44 CET 2020][0m [0;33;40m[WARN][0m    This is taking a longer time than expected
[1;30;40m[Tue Dec 15 23:14:44 CET 2020][0m [3;32;40m[SUCCESS][0m We successfully ran something fancy...
[1;30;40m[Tue Dec 15 23:14:44 CET 2020][0m [0;35;40m[DEBUG][0m [1;30;40m< SOMETHING_FANCY[0m
[1;30;40m[Tue Dec 15 23:14:44 CET 2020][0m [0;35;40m[DEBUG][0m [1;30;40m> GET_HOSTNAME[0m
[1;30;40m[Tue Dec 15 23:14:44 CET 2020][0m [0;34;40m[INFO][0m    Getting hosting...
[1;30;40m[Tue Dec 15 23:14:44 CET 2020][0m [3;32;40m[SUCCESS][0m Hostname is: ws
[1;30;40m[Tue Dec 15 23:14:45 CET 2020][0m [0;35;40m[DEBUG][0m [1;30;40m< GET_HOSTNAME[0m
[1;30;40m[Tue Dec 15 23:14:45 CET 2020][0m [0;34;40m[INFO][0m    I'm done!
[1;30;40m[Tue Dec 15 23:14:45 CET 2020][0m [0;35;40m[DEBUG][0m [1;30;40m< SCRIPTEXIT [0m
[1;30;40m[Tue Dec 15 23:15:03 CET 2020][0m [0;35;40m[DEBUG][0m [1;30;40m> SCRIPTENTRY [0m
[1;30;40m[Tue Dec 15 23:15:03 CET 2020][0m [0;34;40m[INFO][0m    Starting program
[1;30;40m[Tue Dec 15 23:15:03 CET 2020][0m [0;35;40m[DEBUG][0m [1;30;40m> SOMETHING_FANCY[0m
[1;30;40m[Tue Dec 15 23:15:03 CET 2020][0m [0;34;40m[INFO][0m    Running something fancy...
[1;30;40m[Tue Dec 15 23:15:05 CET 2020][0m [0;33;40m[WARN][0m    This is taking a longer time than expected
[1;30;40m[Tue Dec 15 23:15:05 CET 2020][0m [3;32;40m[SUCCESS][0m We successfully ran something fancy...
[1;30;40m[Tue Dec 15 23:15:05 CET 2020][0m [0;35;40m[DEBUG][0m [1;30;40m< SOMETHING_FANCY[0m
[1;30;40m[Tue Dec 15 23:15:05 CET 2020][0m [0;35;40m[DEBUG][0m [1;30;40m< SCRIPTEXIT [0m
[1;30;40m[Tue Dec 15 23:15:06 CET 2020][0m [0;35;40m[DEBUG][0m [1;30;40m> SCRIPTENTRY [0m
[1;30;40m[Tue Dec 15 23:15:06 CET 2020][0m [0;34;40m[INFO][0m    Starting program
[1;30;40m[Tue Dec 15 23:15:07 CET 2020][0m [0;35;40m[DEBUG][0m [1;30;40m< SCRIPTEXIT [0m
[1;30;40m[Tue Dec 15 23:15:13 CET 2020][0m [0;35;40m[DEBUG][0m [1;30;40m> SCRIPTENTRY [0m
[1;30;40m[Tue Dec 15 23:15:13 CET 2020][0m [0;34;40m[INFO][0m    Starting program
[1;30;40m[Tue Dec 15 23:15:13 CET 2020][0m [0;35;40m[DEBUG][0m [1;30;40m> SOMETHING_FANCY[0m
[1;30;40m[Tue Dec 15 23:15:13 CET 2020][0m [0;34;40m[INFO][0m    Running something fancy...
[1;30;40m[Tue Dec 15 23:15:15 CET 2020][0m [0;33;40m[WARN][0m    This is taking a longer time than expected
[1;30;40m[Tue Dec 15 23:15:15 CET 2020][0m [3;32;40m[SUCCESS][0m We successfully ran something fancy...
[1;30;40m[Tue Dec 15 23:15:15 CET 2020][0m [0;35;40m[DEBUG][0m [1;30;40m< SOMETHING_FANCY[0m
[1;30;40m[Tue Dec 15 23:15:15 CET 2020][0m [0;35;40m[DEBUG][0m [1;30;40m> GET_HOSTNAME[0m
[1;30;40m[Tue Dec 15 23:15:15 CET 2020][0m [0;34;40m[INFO][0m    Getting hosting...
[1;30;40m[Tue Dec 15 23:15:15 CET 2020][0m [3;32;40m[SUCCESS][0m Hostname is: ws
[1;30;40m[Tue Dec 15 23:15:15 CET 2020][0m [0;35;40m[DEBUG][0m [1;30;40m< GET_HOSTNAME[0m
[1;30;40m[Tue Dec 15 23:15:15 CET 2020][0m [0;34;40m[INFO][0m    I'm done!
[1;30;40m[Tue Dec 15 23:15:15 CET 2020][0m [0;35;40m[DEBUG][0m [1;30;40m< SCRIPTEXIT [0m
[1;30;40m[Tue Dec 15 23:15:39 CET 2020][0m [0;35;40m[DEBUG][0m [1;30;40m> SCRIPTENTRY [0m
[1;30;40m[Tue Dec 15 23:15:39 CET 2020][0m [0;34;40m[INFO][0m    Starting program
[1;30;40m[Tue Dec 15 23:15:39 CET 2020][0m [0;35;40m[DEBUG][0m [1;30;40m> SOMETHING_FANCY[0m
[1;30;40m[Tue Dec 15 23:15:39 CET 2020][0m [0;34;40m[INFO][0m    Running something fancy...
[1;30;40m[Tue Dec 15 23:15:41 CET 2020][0m [0;33;40m[WARN][0m    This is taking a longer time than expected
[1;30;40m[Tue Dec 15 23:15:41 CET 2020][0m [3;32;40m[SUCCESS][0m We successfully ran something fancy...
[1;30;40m[Tue Dec 15 23:15:41 CET 2020][0m [0;35;40m[DEBUG][0m [1;30;40m< SOMETHING_FANCY[0m
[1;30;40m[Tue Dec 15 23:15:41 CET 2020][0m [0;35;40m[DEBUG][0m [1;30;40m> GET_HOSTNAME[0m
[1;30;40m[Tue Dec 15 23:15:41 CET 2020][0m [0;34;40m[INFO][0m    Getting hosting...
[1;30;40m[Tue Dec 15 23:15:41 CET 2020][0m [3;32;40m[SUCCESS][0m Hostname is: ws
[1;30;40m[Tue Dec 15 23:15:41 CET 2020][0m [0;35;40m[DEBUG][0m [1;30;40m< GET_HOSTNAME[0m
[1;30;40m[Tue Dec 15 23:15:41 CET 2020][0m [0;31;40m[ERROR][0m   I'm done but I'm going to show an error instead
[1;30;40m[Tue Dec 15 23:15:42 CET 2020][0m [0;35;40m[DEBUG][0m [1;30;40m< SCRIPTEXIT [0m
[1;30;40m[Tue Dec 15 23:16:46 CET 2020][0m [0;35;40m[DEBUG][0m [1;30;40m> SCRIPTENTRY [0m
[1;30;40m[Tue Dec 15 23:16:46 CET 2020][0m [0;34;40m[INFO][0m    Starting program
[1;30;40m[Tue Dec 15 23:16:46 CET 2020][0m [0;35;40m[DEBUG][0m [1;30;40m> SOMETHING_FANCY[0m
[1;30;40m[Tue Dec 15 23:16:46 CET 2020][0m [0;34;40m[INFO][0m    Running something fancy...
[1;30;40m[Tue Dec 15 23:16:48 CET 2020][0m [0;33;40m[WARN][0m    This is taking a longer time than expected
[1;30;40m[Tue Dec 15 23:16:48 CET 2020][0m [3;32;40m[SUCCESS][0m We successfully ran something fancy...
[1;30;40m[Tue Dec 15 23:16:48 CET 2020][0m [0;35;40m[DEBUG][0m [1;30;40m< SOMETHING_FANCY[0m
[1;30;40m[Tue Dec 15 23:16:48 CET 2020][0m [0;35;40m[DEBUG][0m [1;30;40m> GET_HOSTNAME[0m
[1;30;40m[Tue Dec 15 23:16:48 CET 2020][0m [0;34;40m[INFO][0m    Getting hosting...
[1;30;40m[Tue Dec 15 23:16:48 CET 2020][0m [3;32;40m[SUCCESS][0m Hostname is: ws
[1;30;40m[Tue Dec 15 23:16:48 CET 2020][0m [0;35;40m[DEBUG][0m [1;30;40m< GET_HOSTNAME[0m
[1;30;40m[Tue Dec 15 23:16:48 CET 2020][0m [0;31;40m[ERROR][0m   I'm done but I'm going to show an error instead
[1;30;40m[Tue Dec 15 23:16:48 CET 2020][0m [0;35;40m[DEBUG][0m [1;30;40m< SCRIPTEXIT [0m
